<?xml version="1.0" encoding="UTF-8"?>
<testng-results skipped="0" failed="0" total="1" passed="1">
  <reporter-output>
  </reporter-output>
  <suite name="Default suite" duration-ms="50406" started-at="2020-11-05T11:12:10Z" finished-at="2020-11-05T11:13:00Z">
    <groups>
    </groups>
    <test name="Default test" duration-ms="50406" started-at="2020-11-05T11:12:10Z" finished-at="2020-11-05T11:13:00Z">
      <class name="com.qa.zameenpk.testcases.ExtraFiltersPageTest">
        <test-method status="PASS" signature="setUp()[pri:0, instance:com.qa.zameenpk.testcases.ExtraFiltersPageTest@1fa3a9d]" name="setUp" is-config="true" duration-ms="26537" started-at="2020-11-05T16:12:10Z" finished-at="2020-11-05T16:12:37Z">
          <reporter-output>
          </reporter-output>
        </test-method> <!-- setUp -->
        <test-method status="PASS" signature="Test2()[pri:1, instance:com.qa.zameenpk.testcases.ExtraFiltersPageTest@1fa3a9d]" name="Test2" duration-ms="23844" started-at="2020-11-05T16:12:37Z" finished-at="2020-11-05T16:13:00Z">
          <reporter-output>
          </reporter-output>
        </test-method> <!-- Test2 -->
        <test-method status="PASS" signature="tearDown()[pri:0, instance:com.qa.zameenpk.testcases.ExtraFiltersPageTest@1fa3a9d]" name="tearDown" is-config="true" duration-ms="0" started-at="2020-11-05T16:13:00Z" finished-at="2020-11-05T16:13:00Z">
          <reporter-output>
          </reporter-output>
        </test-method> <!-- tearDown -->
      </class> <!-- com.qa.zameenpk.testcases.ExtraFiltersPageTest -->
    </test> <!-- Default test -->
  </suite> <!-- Default suite -->
</testng-results>
